<?xml version="1.0" encoding="UTF-8"?>
<testng-results ignored="0" total="2" passed="2" failed="0" skipped="0">
  <reporter-output>
  </reporter-output>
  <suite started-at="2024-07-18T16:35:16 IST" name="Default suite" finished-at="2024-07-18T16:35:31 IST" duration-ms="14716">
    <groups>
    </groups>
    <test started-at="2024-07-18T16:35:16 IST" name="Default test" finished-at="2024-07-18T16:35:31 IST" duration-ms="14716">
      <class name="tests.TS_FacebookLoginPageValidation_001">
        <test-method is-config="true" signature="setUp()[pri:0, instance:tests.TS_FacebookLoginPageValidation_001@6440112d]" started-at="2024-07-18T16:35:16 IST" name="setUp" finished-at="2024-07-18T16:35:18 IST" duration-ms="1993" status="PASS">
          <reporter-output>
          </reporter-output>
        </test-method> <!-- setUp -->
        <test-method signature="tc_001()[pri:1, instance:tests.TS_FacebookLoginPageValidation_001@6440112d]" started-at="2024-07-18T16:35:18 IST" name="tc_001" finished-at="2024-07-18T16:35:30 IST" duration-ms="11337" status="PASS">
          <reporter-output>
          </reporter-output>
        </test-method> <!-- tc_001 -->
        <test-method signature="tc_002()[pri:2, instance:tests.TS_FacebookLoginPageValidation_001@6440112d]" started-at="2024-07-18T16:35:30 IST" name="tc_002" finished-at="2024-07-18T16:35:30 IST" duration-ms="32" status="PASS">
          <reporter-output>
          </reporter-output>
        </test-method> <!-- tc_002 -->
        <test-method is-config="true" signature="tearDown()[pri:0, instance:tests.TS_FacebookLoginPageValidation_001@6440112d]" started-at="2024-07-18T16:35:30 IST" name="tearDown" finished-at="2024-07-18T16:35:31 IST" duration-ms="1307" status="PASS">
          <reporter-output>
          </reporter-output>
        </test-method> <!-- tearDown -->
      </class> <!-- tests.TS_FacebookLoginPageValidation_001 -->
    </test> <!-- Default test -->
  </suite> <!-- Default suite -->
</testng-results>
